<?xml version="1.0" encoding="UTF-8"?>
<testsuite name="com.globant.bootcamp.spring.unittest.UnitTestApplicationTests" tests="2" skipped="0" failures="0" errors="0" timestamp="2019-06-03T13:43:25" hostname="jonnathan-PC" time="0.421">
  <properties/>
  <testcase name="moneyBetweenAccountWithBank" classname="com.globant.bootcamp.spring.unittest.UnitTestApplicationTests" time="0.42"/>
  <testcase name="moneyBetweenAccountInsufficientFound" classname="com.globant.bootcamp.spring.unittest.UnitTestApplicationTests" time="0.001"/>
  <system-out><![CDATA[]]></system-out>
  <system-err><![CDATA[]]></system-err>
</testsuite>
