<?xml version="1.0" encoding="UTF-8"?>
<testsuite name="com.globant.bootcamp.spring.unittest.kata.AccountServiceImplTest" tests="2" skipped="0" failures="0" errors="0" timestamp="2019-06-04T21:31:25" hostname="MBP-de-Santiago" time="0.145">
  <properties/>
  <testcase name="transferMoneyCurrentToSaving" classname="com.globant.bootcamp.spring.unittest.kata.AccountServiceImplTest" time="0.144"/>
  <testcase name="transferMoneyCurrentToSavingInsufficientFunds" classname="com.globant.bootcamp.spring.unittest.kata.AccountServiceImplTest" time="0.001"/>
  <system-out><![CDATA[]]></system-out>
  <system-err><![CDATA[]]></system-err>
</testsuite>
